<?xml version="1.0" encoding="UTF-8"?>
<!-- Generated by org.testng.reporters.JUnitXMLReporter -->
<testsuite ignored="0" hostname="LAPTOP-E49GIO4I" failures="1" tests="1" name="Test" time="3.123" errors="0" timestamp="2024-02-29T12:09:32 EST">
  <testcase classname="userApi.test.DataDrivenTest" name="testPostUser" time="2.227">
    <failure type="java.lang.AssertionError" message="expected [201] but found [500]">
      <![CDATA[java.lang.AssertionError: expected [201] but found [500]
at userApi.test.DataDrivenTest.testPostUser(DataDrivenTest.java:31)
at java.base/java.util.ArrayList.forEach(ArrayList.java:1511)
... Removed 32 stack frames]]>
    </failure>
  </testcase> <!-- testPostUser -->
</testsuite> <!-- Test -->
